<?xml version="1.0" encoding="UTF-8"?>
<!-- Generated by org.testng.reporters.JUnitReportReporter -->
<testsuite skipped="0" hostname="DESKTOP-NRNE4DI" name="testCaseDetails.TC003_LoginWrongPassword" tests="1" failures="0" timestamp="26 Aug 2018 10:44:53 GMT" time="21.315" errors="0">
  <testcase name="loginFailWithPassword" time="21.315" classname="testCaseDetails.TC003_LoginWrongPassword"/>
</testsuite> <!-- testCaseDetails.TC003_LoginWrongPassword -->
