<?xml version="1.0" encoding="UTF-8"?>
<!-- Generated by org.testng.reporters.JUnitReportReporter -->
<testsuite skipped="0" hostname="DESKTOP-NRNE4DI" name="testCaseDetails.TC002_LoginWrongUsername" tests="4" failures="0" timestamp="07 Sep 2018 10:52:48 GMT" time="60.259" errors="0">
  <testcase name="LoginFailwithUsername" time="14.450" classname="testCaseDetails.TC002_LoginWrongUsername"/>
  <testcase name="LoginFailwithUsername" time="12.756" classname="testCaseDetails.TC002_LoginWrongUsername"/>
  <testcase name="LoginFailwithUsername" time="15.617" classname="testCaseDetails.TC002_LoginWrongUsername"/>
  <testcase name="LoginFailwithUsername" time="17.436" classname="testCaseDetails.TC002_LoginWrongUsername"/>
</testsuite> <!-- testCaseDetails.TC002_LoginWrongUsername -->
